2025-08-03 23:30:52,122 - INFO - UserID: 0 - Database tables created or verified - /home/memessingabout/Documents/dev/penny/utils/logging.py:20
2025-08-03 23:30:52,124 - INFO - UserID: 0 - Database tables created or verified - /home/memessingabout/Documents/dev/penny/utils/logging.py:20
2025-08-03 23:30:52,330 - INFO - UserID: 0 - Database tables created or verified - /home/memessingabout/Documents/dev/penny/utils/logging.py:20
2025-08-03 23:30:52,337 - DEBUG - UserID: 0 - No logged-in user found - /home/memessingabout/Documents/dev/penny/utils/logging.py:26
2025-08-03 23:30:52,337 - INFO - UserID: 0 - Switched to Login page - /home/memessingabout/Documents/dev/penny/utils/logging.py:20
2025-08-03 23:30:52,337 - INFO - UserID: 0 - No logged-in user found, showing Login page - /home/memessingabout/Documents/dev/penny/utils/logging.py:20
2025-08-03 23:31:04,943 - INFO - UserID: 0 - Switched to Signup page - /home/memessingabout/Documents/dev/penny/utils/logging.py:20
2025-08-03 23:31:24,118 - INFO - UserID: 0 - Switched to Login page - /home/memessingabout/Documents/dev/penny/utils/logging.py:20
2025-08-03 23:31:35,619 - INFO - UserID: 0 - Switched to Signup page - /home/memessingabout/Documents/dev/penny/utils/logging.py:20
2025-08-03 23:32:07,006 - INFO - UserID: 0 - Switched to Login page - /home/memessingabout/Documents/dev/penny/utils/logging.py:20
2025-08-03 23:32:57,541 - INFO - UserID: 0 - Switched to Signup page - /home/memessingabout/Documents/dev/penny/utils/logging.py:20
2025-08-03 23:34:05,982 - INFO - UserID: 0 - Switched to Login page - /home/memessingabout/Documents/dev/penny/utils/logging.py:20
2025-08-03 23:34:44,610 - INFO - UserID: 0 - Switched to Signup page - /home/memessingabout/Documents/dev/penny/utils/logging.py:20
2025-08-03 23:41:04,537 - INFO - UserID: 0 - Database tables created or verified - /home/memessingabout/Documents/dev/penny/utils/logging.py:20
2025-08-03 23:41:04,539 - INFO - UserID: 0 - Database tables created or verified - /home/memessingabout/Documents/dev/penny/utils/logging.py:20
2025-08-03 23:41:04,647 - INFO - UserID: 0 - Database tables created or verified - /home/memessingabout/Documents/dev/penny/utils/logging.py:20
2025-08-03 23:41:04,651 - DEBUG - UserID: 0 - No logged-in user found - /home/memessingabout/Documents/dev/penny/utils/logging.py:26
2025-08-03 23:41:04,652 - INFO - UserID: 0 - Switched to Login page - /home/memessingabout/Documents/dev/penny/utils/logging.py:20
2025-08-03 23:41:04,653 - INFO - UserID: 0 - No logged-in user found, showing Login page - /home/memessingabout/Documents/dev/penny/utils/logging.py:20
2025-08-03 23:41:33,712 - INFO - UserID: 0 - Switched to Signup page - /home/memessingabout/Documents/dev/penny/utils/logging.py:20
2025-08-03 23:43:00,962 - INFO - UserID: 0 - Switched to Login page - /home/memessingabout/Documents/dev/penny/utils/logging.py:20
2025-08-03 23:45:51,654 - INFO - UserID: 0 - Database connection closed - /home/memessingabout/Documents/dev/penny/utils/logging.py:20
2025-08-03 23:49:05,050 - INFO - UserID: 0 - Database tables created or verified - /home/memessingabout/Documents/dev/penny/utils/logging.py:20
2025-08-03 23:49:05,062 - INFO - UserID: 0 - Database tables created or verified - /home/memessingabout/Documents/dev/penny/utils/logging.py:20
2025-08-03 23:49:06,423 - INFO - UserID: 0 - Database tables created or verified - /home/memessingabout/Documents/dev/penny/utils/logging.py:20
2025-08-03 23:49:45,310 - INFO - UserID: 0 - Database tables created or verified - /home/memessingabout/Documents/dev/penny/utils/logging.py:20
2025-08-03 23:49:45,312 - INFO - UserID: 0 - Database tables created or verified - /home/memessingabout/Documents/dev/penny/utils/logging.py:20
2025-08-03 23:49:45,404 - INFO - UserID: 0 - Database tables created or verified - /home/memessingabout/Documents/dev/penny/utils/logging.py:20
2025-08-03 23:49:45,408 - DEBUG - UserID: 0 - No logged-in user found - /home/memessingabout/Documents/dev/penny/utils/logging.py:26
2025-08-03 23:49:45,408 - INFO - UserID: 0 - Switched to Login page - /home/memessingabout/Documents/dev/penny/utils/logging.py:20
2025-08-03 23:49:45,409 - INFO - UserID: 0 - No logged-in user found, showing Login page - /home/memessingabout/Documents/dev/penny/utils/logging.py:20
2025-08-03 23:50:00,574 - INFO - UserID: 0 - Database connection closed - /home/memessingabout/Documents/dev/penny/utils/logging.py:20
2025-08-03 23:50:27,139 - INFO - UserID: 0 - Database tables created or verified - /home/memessingabout/Documents/dev/penny/utils/logging.py:20
2025-08-03 23:50:27,141 - INFO - UserID: 0 - Database tables created or verified - /home/memessingabout/Documents/dev/penny/utils/logging.py:20
2025-08-03 23:50:27,244 - INFO - UserID: 0 - Database tables created or verified - /home/memessingabout/Documents/dev/penny/utils/logging.py:20
2025-08-03 23:50:27,248 - DEBUG - UserID: 0 - No logged-in user found - /home/memessingabout/Documents/dev/penny/utils/logging.py:26
2025-08-03 23:50:27,249 - INFO - UserID: 0 - Switched to Login page - /home/memessingabout/Documents/dev/penny/utils/logging.py:20
2025-08-03 23:50:27,249 - INFO - UserID: 0 - No logged-in user found, showing Login page - /home/memessingabout/Documents/dev/penny/utils/logging.py:20
2025-08-03 23:50:38,822 - INFO - UserID: 0 - Switched to Signup page - /home/memessingabout/Documents/dev/penny/utils/logging.py:20
2025-08-03 23:50:46,901 - INFO - UserID: 0 - Switched to Login page - /home/memessingabout/Documents/dev/penny/utils/logging.py:20
2025-08-03 23:50:48,549 - INFO - UserID: 0 - Switched to Signup page - /home/memessingabout/Documents/dev/penny/utils/logging.py:20
2025-08-03 23:50:51,311 - INFO - UserID: 0 - Database connection closed - /home/memessingabout/Documents/dev/penny/utils/logging.py:20
2025-08-03 23:50:56,525 - INFO - UserID: 0 - Database tables created or verified - /home/memessingabout/Documents/dev/penny/utils/logging.py:20
2025-08-03 23:50:56,526 - INFO - UserID: 0 - Database tables created or verified - /home/memessingabout/Documents/dev/penny/utils/logging.py:20
2025-08-03 23:50:56,619 - INFO - UserID: 0 - Database tables created or verified - /home/memessingabout/Documents/dev/penny/utils/logging.py:20
2025-08-03 23:50:56,622 - DEBUG - UserID: 0 - No logged-in user found - /home/memessingabout/Documents/dev/penny/utils/logging.py:26
2025-08-03 23:50:56,623 - INFO - UserID: 0 - Switched to Login page - /home/memessingabout/Documents/dev/penny/utils/logging.py:20
2025-08-03 23:50:56,623 - INFO - UserID: 0 - No logged-in user found, showing Login page - /home/memessingabout/Documents/dev/penny/utils/logging.py:20
2025-08-03 23:51:08,070 - INFO - UserID: 0 - Switched to Signup page - /home/memessingabout/Documents/dev/penny/utils/logging.py:20
2025-08-03 23:51:09,991 - INFO - UserID: 0 - Database connection closed - /home/memessingabout/Documents/dev/penny/utils/logging.py:20
2025-08-03 23:51:31,767 - INFO - UserID: 0 - Database tables created or verified - /home/memessingabout/Documents/dev/penny/utils/logging.py:20
2025-08-03 23:51:31,769 - INFO - UserID: 0 - Database tables created or verified - /home/memessingabout/Documents/dev/penny/utils/logging.py:20
2025-08-03 23:51:31,861 - INFO - UserID: 0 - Database tables created or verified - /home/memessingabout/Documents/dev/penny/utils/logging.py:20
2025-08-03 23:51:31,865 - DEBUG - UserID: 0 - No logged-in user found - /home/memessingabout/Documents/dev/penny/utils/logging.py:26
2025-08-03 23:51:31,866 - INFO - UserID: 0 - Switched to Login page - /home/memessingabout/Documents/dev/penny/utils/logging.py:20
2025-08-03 23:51:31,868 - INFO - UserID: 0 - No logged-in user found, showing Login page - /home/memessingabout/Documents/dev/penny/utils/logging.py:20
2025-08-03 23:54:51,551 - INFO - UserID: 0 - Database tables created or verified - /home/memessingabout/Documents/dev/penny/utils/logging.py:20
2025-08-03 23:54:51,553 - INFO - UserID: 0 - Database tables created or verified - /home/memessingabout/Documents/dev/penny/utils/logging.py:20
2025-08-03 23:54:51,644 - INFO - UserID: 0 - Database tables created or verified - /home/memessingabout/Documents/dev/penny/utils/logging.py:20
2025-08-03 23:54:51,649 - DEBUG - UserID: 0 - No logged-in user found - /home/memessingabout/Documents/dev/penny/utils/logging.py:26
2025-08-03 23:54:51,653 - INFO - UserID: 0 - Switched to Login page - /home/memessingabout/Documents/dev/penny/utils/logging.py:20
2025-08-03 23:54:51,654 - INFO - UserID: 0 - No logged-in user found, showing Login page - /home/memessingabout/Documents/dev/penny/utils/logging.py:20
2025-08-03 23:55:00,003 - INFO - UserID: 0 - Database connection closed - /home/memessingabout/Documents/dev/penny/utils/logging.py:20
2025-08-03 23:55:19,978 - INFO - UserID: 0 - Database tables created or verified - /home/memessingabout/Documents/dev/penny/utils/logging.py:20
2025-08-03 23:55:19,980 - INFO - UserID: 0 - Database tables created or verified - /home/memessingabout/Documents/dev/penny/utils/logging.py:20
2025-08-03 23:55:20,075 - INFO - UserID: 0 - Database tables created or verified - /home/memessingabout/Documents/dev/penny/utils/logging.py:20
2025-08-03 23:55:20,079 - DEBUG - UserID: 0 - No logged-in user found - /home/memessingabout/Documents/dev/penny/utils/logging.py:26
2025-08-03 23:55:20,079 - INFO - UserID: 0 - Switched to Login page - /home/memessingabout/Documents/dev/penny/utils/logging.py:20
2025-08-03 23:55:20,079 - INFO - UserID: 0 - No logged-in user found, showing Login page - /home/memessingabout/Documents/dev/penny/utils/logging.py:20
2025-08-03 23:55:40,372 - INFO - UserID: 0 - Database connection closed - /home/memessingabout/Documents/dev/penny/utils/logging.py:20
2025-08-03 23:56:21,767 - INFO - UserID: 0 - Database tables created or verified - /home/memessingabout/Documents/dev/penny/utils/logging.py:20
2025-08-03 23:56:21,769 - INFO - UserID: 0 - Database tables created or verified - /home/memessingabout/Documents/dev/penny/utils/logging.py:20
2025-08-03 23:56:21,862 - INFO - UserID: 0 - Database tables created or verified - /home/memessingabout/Documents/dev/penny/utils/logging.py:20
2025-08-03 23:56:21,867 - DEBUG - UserID: 0 - No logged-in user found - /home/memessingabout/Documents/dev/penny/utils/logging.py:26
2025-08-03 23:56:21,869 - INFO - UserID: 0 - Switched to Login page - /home/memessingabout/Documents/dev/penny/utils/logging.py:20
2025-08-03 23:56:21,869 - INFO - UserID: 0 - No logged-in user found, showing Login page - /home/memessingabout/Documents/dev/penny/utils/logging.py:20
2025-08-03 23:57:49,571 - INFO - UserID: 0 - Database connection closed - /home/memessingabout/Documents/dev/penny/utils/logging.py:20
2025-08-03 23:58:09,840 - INFO - UserID: 0 - Database tables created or verified - /home/memessingabout/Documents/dev/penny/utils/logging.py:20
2025-08-03 23:58:09,841 - INFO - UserID: 0 - Database tables created or verified - /home/memessingabout/Documents/dev/penny/utils/logging.py:20
2025-08-03 23:58:09,932 - INFO - UserID: 0 - Database tables created or verified - /home/memessingabout/Documents/dev/penny/utils/logging.py:20
2025-08-03 23:58:09,936 - DEBUG - UserID: 0 - No logged-in user found - /home/memessingabout/Documents/dev/penny/utils/logging.py:26
2025-08-03 23:58:09,936 - INFO - UserID: 0 - Switched to Login page - /home/memessingabout/Documents/dev/penny/utils/logging.py:20
2025-08-03 23:58:09,937 - INFO - UserID: 0 - No logged-in user found, showing Login page - /home/memessingabout/Documents/dev/penny/utils/logging.py:20
2025-08-03 23:59:00,779 - INFO - UserID: 0 - Database connection closed - /home/memessingabout/Documents/dev/penny/utils/logging.py:20
2025-08-03 23:59:14,143 - INFO - UserID: 0 - Database tables created or verified - /home/memessingabout/Documents/dev/penny/utils/logging.py:20
2025-08-03 23:59:14,144 - INFO - UserID: 0 - Database tables created or verified - /home/memessingabout/Documents/dev/penny/utils/logging.py:20
2025-08-03 23:59:14,255 - INFO - UserID: 0 - Database tables created or verified - /home/memessingabout/Documents/dev/penny/utils/logging.py:20
2025-08-03 23:59:14,260 - DEBUG - UserID: 0 - No logged-in user found - /home/memessingabout/Documents/dev/penny/utils/logging.py:26
2025-08-03 23:59:14,260 - INFO - UserID: 0 - Switched to Login page - /home/memessingabout/Documents/dev/penny/utils/logging.py:20
2025-08-03 23:59:14,261 - INFO - UserID: 0 - No logged-in user found, showing Login page - /home/memessingabout/Documents/dev/penny/utils/logging.py:20
2025-08-03 23:59:21,125 - INFO - UserID: 0 - Database connection closed - /home/memessingabout/Documents/dev/penny/utils/logging.py:20
2025-08-04 00:01:55,200 - INFO - UserID: 0 - Database tables created or verified - /home/memessingabout/Documents/dev/penny/utils/logging.py:20
2025-08-04 00:01:55,201 - INFO - UserID: 0 - Database tables created or verified - /home/memessingabout/Documents/dev/penny/utils/logging.py:20
2025-08-04 00:01:55,291 - INFO - UserID: 0 - Database tables created or verified - /home/memessingabout/Documents/dev/penny/utils/logging.py:20
2025-08-04 00:01:55,295 - DEBUG - UserID: 0 - No logged-in user found - /home/memessingabout/Documents/dev/penny/utils/logging.py:26
2025-08-04 00:01:55,297 - INFO - UserID: 0 - Switched to Login page - /home/memessingabout/Documents/dev/penny/utils/logging.py:20
2025-08-04 00:01:55,299 - INFO - UserID: 0 - No logged-in user found, showing Login page - /home/memessingabout/Documents/dev/penny/utils/logging.py:20
2025-08-04 00:02:15,712 - INFO - UserID: 0 - Database connection closed - /home/memessingabout/Documents/dev/penny/utils/logging.py:20
2025-08-04 00:02:28,834 - INFO - UserID: 0 - Database tables created or verified - /home/memessingabout/Documents/dev/penny/utils/logging.py:20
2025-08-04 00:02:28,836 - INFO - UserID: 0 - Database tables created or verified - /home/memessingabout/Documents/dev/penny/utils/logging.py:20
2025-08-04 00:02:28,922 - INFO - UserID: 0 - Database tables created or verified - /home/memessingabout/Documents/dev/penny/utils/logging.py:20
2025-08-04 00:02:28,926 - DEBUG - UserID: 0 - No logged-in user found - /home/memessingabout/Documents/dev/penny/utils/logging.py:26
2025-08-04 00:02:28,926 - INFO - UserID: 0 - Switched to Login page - /home/memessingabout/Documents/dev/penny/utils/logging.py:20
2025-08-04 00:02:28,926 - INFO - UserID: 0 - No logged-in user found, showing Login page - /home/memessingabout/Documents/dev/penny/utils/logging.py:20
2025-08-04 00:03:11,918 - INFO - UserID: 0 - Switched to Signup page - /home/memessingabout/Documents/dev/penny/utils/logging.py:20
2025-08-04 00:03:22,319 - INFO - UserID: 0 - Switched to Login page - /home/memessingabout/Documents/dev/penny/utils/logging.py:20
2025-08-04 00:05:25,186 - INFO - UserID: 0 - Switched to Signup page - /home/memessingabout/Documents/dev/penny/utils/logging.py:20
2025-08-04 00:05:30,747 - INFO - UserID: 0 - Database connection closed - /home/memessingabout/Documents/dev/penny/utils/logging.py:20
2025-08-04 00:09:27,347 - INFO - UserID: 0 - Database tables created or verified - /home/memessingabout/Documents/dev/penny/utils/logging.py:20
2025-08-04 00:09:27,349 - INFO - UserID: 0 - Database tables created or verified - /home/memessingabout/Documents/dev/penny/utils/logging.py:20
2025-08-04 00:09:27,434 - INFO - UserID: 0 - Database tables created or verified - /home/memessingabout/Documents/dev/penny/utils/logging.py:20
2025-08-04 00:09:27,439 - DEBUG - UserID: 0 - No logged-in user found - /home/memessingabout/Documents/dev/penny/utils/logging.py:26
2025-08-04 00:09:27,440 - INFO - UserID: 0 - Switched to Login page - /home/memessingabout/Documents/dev/penny/utils/logging.py:20
2025-08-04 00:09:27,443 - INFO - UserID: 0 - No logged-in user found, showing Login page - /home/memessingabout/Documents/dev/penny/utils/logging.py:20
2025-08-04 00:09:33,823 - ERROR - UserID: 0 - Password reset failed: Username or email empty - /home/memessingabout/Documents/dev/penny/utils/logging.py:23
NoneType: None
2025-08-04 00:09:40,500 - INFO - UserID: 0 - Switched to Signup page - /home/memessingabout/Documents/dev/penny/utils/logging.py:20
2025-08-04 00:09:43,582 - INFO - UserID: 0 - Database connection closed - /home/memessingabout/Documents/dev/penny/utils/logging.py:20
2025-08-04 00:10:16,770 - INFO - UserID: 0 - Database tables created or verified - /home/memessingabout/Documents/dev/penny/utils/logging.py:20
2025-08-04 00:10:16,772 - INFO - UserID: 0 - Database tables created or verified - /home/memessingabout/Documents/dev/penny/utils/logging.py:20
2025-08-04 00:10:16,857 - INFO - UserID: 0 - Database tables created or verified - /home/memessingabout/Documents/dev/penny/utils/logging.py:20
2025-08-04 00:12:06,194 - INFO - UserID: 0 - Database tables created or verified - /home/memessingabout/Documents/dev/penny/utils/logging.py:20
2025-08-04 00:12:06,196 - INFO - UserID: 0 - Database tables created or verified - /home/memessingabout/Documents/dev/penny/utils/logging.py:20
2025-08-04 00:12:06,283 - INFO - UserID: 0 - Database tables created or verified - /home/memessingabout/Documents/dev/penny/utils/logging.py:20
2025-08-04 00:12:06,288 - DEBUG - UserID: 0 - No logged-in user found - /home/memessingabout/Documents/dev/penny/utils/logging.py:26
2025-08-04 00:12:06,290 - INFO - UserID: 0 - Switched to Login page - /home/memessingabout/Documents/dev/penny/utils/logging.py:20
2025-08-04 00:12:06,291 - INFO - UserID: 0 - No logged-in user found, showing Login page - /home/memessingabout/Documents/dev/penny/utils/logging.py:20
2025-08-04 00:12:14,914 - INFO - UserID: 0 - Switched to Signup page - /home/memessingabout/Documents/dev/penny/utils/logging.py:20
2025-08-04 00:12:59,546 - INFO - UserID: 1 - User test signed up successfully - /home/memessingabout/Documents/dev/penny/utils/logging.py:20
2025-08-04 00:13:01,172 - INFO - UserID: 1 - User test signed up - /home/memessingabout/Documents/dev/penny/utils/logging.py:20
2025-08-04 00:13:01,174 - INFO - UserID: 0 - Switched to Login page - /home/memessingabout/Documents/dev/penny/utils/logging.py:20
2025-08-04 00:13:14,169 - ERROR - UserID: 0 - Login failed for test: Invalid password - /home/memessingabout/Documents/dev/penny/utils/logging.py:23
NoneType: None
2025-08-04 00:13:15,499 - ERROR - UserID: 0 - Login attempt failed for test - /home/memessingabout/Documents/dev/penny/utils/logging.py:23
NoneType: None
2025-08-04 00:13:21,394 - INFO - UserID: 1 - User test logged in - /home/memessingabout/Documents/dev/penny/utils/logging.py:20
2025-08-04 00:13:21,398 - INFO - UserID: 0 - Database tables created or verified - /home/memessingabout/Documents/dev/penny/utils/logging.py:20
2025-08-04 00:13:21,403 - DEBUG - UserID: 1 - Generated 133 months for dropdown - /home/memessingabout/Documents/dev/penny/utils/logging.py:26
2025-08-04 00:13:21,435 - DEBUG - UserID: 1 - Retrieved plans for August: 0 entries - /home/memessingabout/Documents/dev/penny/utils/logging.py:26
2025-08-04 00:13:21,437 - INFO - UserID: 1 - Updated Planning content for August: Balance KSh 0 - /home/memessingabout/Documents/dev/penny/utils/logging.py:20
2025-08-04 00:13:21,440 - INFO - UserID: 0 - Database tables created or verified - /home/memessingabout/Documents/dev/penny/utils/logging.py:20
2025-08-04 00:13:21,773 - DEBUG - UserID: 1 - Planning enabled: 1 - /home/memessingabout/Documents/dev/penny/utils/logging.py:26
2025-08-04 00:13:21,773 - DEBUG - UserID: 1 - Checked planning enabled: 1 - /home/memessingabout/Documents/dev/penny/utils/logging.py:26
2025-08-04 00:13:21,774 - DEBUG - UserID: 1 - Retrieved 0 transactions for filter All - /home/memessingabout/Documents/dev/penny/utils/logging.py:26
2025-08-04 00:13:21,775 - INFO - UserID: 1 - Updated Tracking: 0 transactions for All - /home/memessingabout/Documents/dev/penny/utils/logging.py:20
2025-08-04 00:13:21,776 - INFO - UserID: 0 - Database tables created or verified - /home/memessingabout/Documents/dev/penny/utils/logging.py:20
2025-08-04 00:13:22,308 - DEBUG - UserID: 1 - Planning enabled: 1 - /home/memessingabout/Documents/dev/penny/utils/logging.py:26
2025-08-04 00:13:22,309 - DEBUG - UserID: 1 - Checked planning enabled: 1 - /home/memessingabout/Documents/dev/penny/utils/logging.py:26
2025-08-04 00:13:22,310 - DEBUG - UserID: 1 - Retrieved 0 transactions for filter Month - /home/memessingabout/Documents/dev/penny/utils/logging.py:26
2025-08-04 00:13:22,610 - DEBUG - UserID: 1 - Retrieved trends for 6 months - /home/memessingabout/Documents/dev/penny/utils/logging.py:26
2025-08-04 00:13:22,857 - DEBUG - UserID: 1 - Retrieved 0 recent transactions - /home/memessingabout/Documents/dev/penny/utils/logging.py:26
2025-08-04 00:13:22,857 - INFO - UserID: 1 - Updated Dashboard: 0 recent transactions - /home/memessingabout/Documents/dev/penny/utils/logging.py:20
2025-08-04 00:13:22,858 - INFO - UserID: 0 - Database tables created or verified - /home/memessingabout/Documents/dev/penny/utils/logging.py:20
2025-08-04 00:13:22,862 - DEBUG - UserID: 1 - Planning enabled: 1 - /home/memessingabout/Documents/dev/penny/utils/logging.py:26
2025-08-04 00:13:22,863 - DEBUG - UserID: 1 - Checked planning enabled: 1 - /home/memessingabout/Documents/dev/penny/utils/logging.py:26
2025-08-04 00:13:22,864 - DEBUG - UserID: 1 - Retrieved profile: ('test', 'test@test.mail', None) - /home/memessingabout/Documents/dev/penny/utils/logging.py:26
2025-08-04 00:13:22,864 - DEBUG - UserID: 1 - Retrieved settings: ('KSh', 'Unallocated as Savings', 1, 'Light', 1, 'English') - /home/memessingabout/Documents/dev/penny/utils/logging.py:26
2025-08-04 00:13:22,865 - INFO - UserID: 1 - Loaded settings and profile - /home/memessingabout/Documents/dev/penny/utils/logging.py:20
2025-08-04 00:13:22,866 - INFO - UserID: 1 - Switched to Dashboard page - /home/memessingabout/Documents/dev/penny/utils/logging.py:20
2025-08-04 00:13:22,866 - INFO - UserID: 1 - User logged in and switched to Dashboard - /home/memessingabout/Documents/dev/penny/utils/logging.py:20
2025-08-04 00:13:36,172 - DEBUG - UserID: 1 - Planning enabled: 1 - /home/memessingabout/Documents/dev/penny/utils/logging.py:26
2025-08-04 00:13:36,173 - INFO - UserID: 1 - Switched to Planning page - /home/memessingabout/Documents/dev/penny/utils/logging.py:20
2025-08-04 00:13:37,201 - INFO - UserID: 1 - Switched to Tracking page - /home/memessingabout/Documents/dev/penny/utils/logging.py:20
2025-08-04 00:13:38,402 - INFO - UserID: 1 - Switched to Settings page - /home/memessingabout/Documents/dev/penny/utils/logging.py:20
2025-08-04 00:13:42,880 - INFO - UserID: 1 - Switched to Dashboard page - /home/memessingabout/Documents/dev/penny/utils/logging.py:20
2025-08-04 00:19:53,728 - INFO - UserID: 1 - Switched to Settings page - /home/memessingabout/Documents/dev/penny/utils/logging.py:20
2025-08-04 00:20:13,643 - INFO - UserID: 1 - Updated settings: currency=KSh, planning_enabled=True - /home/memessingabout/Documents/dev/penny/utils/logging.py:20
2025-08-04 00:20:15,227 - INFO - UserID: 1 - Switched to Settings page - /home/memessingabout/Documents/dev/penny/utils/logging.py:20
2025-08-04 00:20:15,231 - INFO - UserID: 1 - Saved preferences - /home/memessingabout/Documents/dev/penny/utils/logging.py:20
2025-08-04 00:20:19,251 - INFO - UserID: 1 - Switched to Tracking page - /home/memessingabout/Documents/dev/penny/utils/logging.py:20
2025-08-04 00:20:32,882 - DEBUG - UserID: 1 - Planning enabled: 1 - /home/memessingabout/Documents/dev/penny/utils/logging.py:26
2025-08-04 00:20:32,882 - INFO - UserID: 1 - Switched to Planning page - /home/memessingabout/Documents/dev/penny/utils/logging.py:20
2025-08-04 00:20:34,971 - INFO - UserID: 1 - Switched to Dashboard page - /home/memessingabout/Documents/dev/penny/utils/logging.py:20
2025-08-04 00:20:37,521 - DEBUG - UserID: 1 - Planning enabled: 1 - /home/memessingabout/Documents/dev/penny/utils/logging.py:26
2025-08-04 00:20:37,522 - INFO - UserID: 1 - Switched to Planning page - /home/memessingabout/Documents/dev/penny/utils/logging.py:20
2025-08-04 00:21:04,137 - INFO - UserID: 1 - Switched to Tracking page - /home/memessingabout/Documents/dev/penny/utils/logging.py:20
2025-08-04 00:21:06,330 - DEBUG - UserID: 1 - Planning enabled: 1 - /home/memessingabout/Documents/dev/penny/utils/logging.py:26
2025-08-04 00:21:06,331 - INFO - UserID: 1 - Switched to Planning page - /home/memessingabout/Documents/dev/penny/utils/logging.py:20
2025-08-04 00:23:26,932 - INFO - UserID: 0 - Database connection closed - /home/memessingabout/Documents/dev/penny/utils/logging.py:20
2025-08-04 00:24:02,295 - INFO - UserID: 0 - Database tables created or verified - /home/memessingabout/Documents/dev/penny/utils/logging.py:20
2025-08-04 00:24:02,297 - INFO - UserID: 0 - Database tables created or verified - /home/memessingabout/Documents/dev/penny/utils/logging.py:20
2025-08-04 00:24:02,390 - INFO - UserID: 0 - Database tables created or verified - /home/memessingabout/Documents/dev/penny/utils/logging.py:20
2025-08-04 00:24:02,394 - DEBUG - UserID: 1 - Retrieved logged-in user - /home/memessingabout/Documents/dev/penny/utils/logging.py:26
2025-08-04 00:24:02,395 - INFO - UserID: 0 - Database tables created or verified - /home/memessingabout/Documents/dev/penny/utils/logging.py:20
2025-08-04 00:24:02,396 - DEBUG - UserID: 1 - Generated 133 months for dropdown - /home/memessingabout/Documents/dev/penny/utils/logging.py:26
2025-08-04 00:24:02,430 - DEBUG - UserID: 1 - Retrieved plans for August: 0 entries - /home/memessingabout/Documents/dev/penny/utils/logging.py:26
2025-08-04 00:24:02,431 - INFO - UserID: 1 - Updated Planning content for August: Balance KSh 0 - /home/memessingabout/Documents/dev/penny/utils/logging.py:20
2025-08-04 00:24:02,432 - INFO - UserID: 0 - Database tables created or verified - /home/memessingabout/Documents/dev/penny/utils/logging.py:20
2025-08-04 00:24:02,755 - DEBUG - UserID: 1 - Planning enabled: 1 - /home/memessingabout/Documents/dev/penny/utils/logging.py:26
2025-08-04 00:24:02,756 - DEBUG - UserID: 1 - Checked planning enabled: 1 - /home/memessingabout/Documents/dev/penny/utils/logging.py:26
2025-08-04 00:24:02,757 - DEBUG - UserID: 1 - Retrieved 0 transactions for filter All - /home/memessingabout/Documents/dev/penny/utils/logging.py:26
2025-08-04 00:24:02,758 - INFO - UserID: 1 - Updated Tracking: 0 transactions for All - /home/memessingabout/Documents/dev/penny/utils/logging.py:20
2025-08-04 00:24:02,759 - INFO - UserID: 0 - Database tables created or verified - /home/memessingabout/Documents/dev/penny/utils/logging.py:20
2025-08-04 00:24:03,139 - DEBUG - UserID: 1 - Planning enabled: 1 - /home/memessingabout/Documents/dev/penny/utils/logging.py:26
2025-08-04 00:24:03,139 - DEBUG - UserID: 1 - Checked planning enabled: 1 - /home/memessingabout/Documents/dev/penny/utils/logging.py:26
2025-08-04 00:24:03,142 - DEBUG - UserID: 1 - Retrieved 0 transactions for filter Month - /home/memessingabout/Documents/dev/penny/utils/logging.py:26
2025-08-04 00:24:03,232 - DEBUG - UserID: 1 - Retrieved trends for 6 months - /home/memessingabout/Documents/dev/penny/utils/logging.py:26
2025-08-04 00:24:03,445 - DEBUG - UserID: 1 - Retrieved 0 recent transactions - /home/memessingabout/Documents/dev/penny/utils/logging.py:26
2025-08-04 00:24:03,445 - INFO - UserID: 1 - Updated Dashboard: 0 recent transactions - /home/memessingabout/Documents/dev/penny/utils/logging.py:20
2025-08-04 00:24:03,446 - INFO - UserID: 0 - Database tables created or verified - /home/memessingabout/Documents/dev/penny/utils/logging.py:20
2025-08-04 00:24:03,451 - DEBUG - UserID: 1 - Planning enabled: 1 - /home/memessingabout/Documents/dev/penny/utils/logging.py:26
2025-08-04 00:24:03,451 - DEBUG - UserID: 1 - Checked planning enabled: 1 - /home/memessingabout/Documents/dev/penny/utils/logging.py:26
2025-08-04 00:24:03,452 - DEBUG - UserID: 1 - Retrieved profile: ('test', 'test@test.mail', None) - /home/memessingabout/Documents/dev/penny/utils/logging.py:26
2025-08-04 00:24:03,452 - DEBUG - UserID: 1 - Retrieved settings: ('KSh', 'Unallocated as Savings', 1, 'Dark', 1, 'English') - /home/memessingabout/Documents/dev/penny/utils/logging.py:26
2025-08-04 00:24:03,453 - INFO - UserID: 1 - Loaded settings and profile - /home/memessingabout/Documents/dev/penny/utils/logging.py:20
2025-08-04 00:24:03,453 - INFO - UserID: 1 - Switched to Dashboard page - /home/memessingabout/Documents/dev/penny/utils/logging.py:20
2025-08-04 00:24:03,454 - INFO - UserID: 1 - User logged in and switched to Dashboard - /home/memessingabout/Documents/dev/penny/utils/logging.py:20
2025-08-04 00:24:10,188 - INFO - UserID: 0 - Database connection closed - /home/memessingabout/Documents/dev/penny/utils/logging.py:20
2025-08-04 00:27:10,952 - INFO - UserID: 0 - Database tables created or verified - /home/memessingabout/Documents/dev/penny/utils/logging.py:20
2025-08-04 00:27:10,955 - INFO - UserID: 0 - Database tables created or verified - /home/memessingabout/Documents/dev/penny/utils/logging.py:20
2025-08-04 00:27:11,208 - INFO - UserID: 0 - Database tables created or verified - /home/memessingabout/Documents/dev/penny/utils/logging.py:20
2025-08-04 00:27:11,229 - DEBUG - UserID: 0 - No logged-in user found - /home/memessingabout/Documents/dev/penny/utils/logging.py:26
2025-08-04 00:27:11,229 - INFO - UserID: 0 - Switched to Login page - /home/memessingabout/Documents/dev/penny/utils/logging.py:20
2025-08-04 00:27:11,230 - INFO - UserID: 0 - No logged-in user found, showing Login page - /home/memessingabout/Documents/dev/penny/utils/logging.py:20
2025-08-04 00:27:41,825 - INFO - UserID: 0 - Database tables created or verified - /home/memessingabout/Documents/dev/penny/utils/logging.py:20
2025-08-04 00:27:41,827 - INFO - UserID: 0 - Database tables created or verified - /home/memessingabout/Documents/dev/penny/utils/logging.py:20
2025-08-04 00:27:41,913 - INFO - UserID: 0 - Database tables created or verified - /home/memessingabout/Documents/dev/penny/utils/logging.py:20
2025-08-04 00:27:41,917 - DEBUG - UserID: 0 - No logged-in user found - /home/memessingabout/Documents/dev/penny/utils/logging.py:26
2025-08-04 00:27:41,918 - INFO - UserID: 0 - Switched to Login page - /home/memessingabout/Documents/dev/penny/utils/logging.py:20
2025-08-04 00:27:41,918 - INFO - UserID: 0 - No logged-in user found, showing Login page - /home/memessingabout/Documents/dev/penny/utils/logging.py:20
2025-08-04 00:27:58,335 - INFO - UserID: 0 - Switched to Signup page - /home/memessingabout/Documents/dev/penny/utils/logging.py:20
2025-08-04 00:30:20,937 - INFO - UserID: 0 - Database tables created or verified - /home/memessingabout/Documents/dev/penny/utils/logging.py:20
2025-08-04 00:30:20,940 - INFO - UserID: 0 - Database tables created or verified - /home/memessingabout/Documents/dev/penny/utils/logging.py:20
2025-08-04 00:30:21,091 - INFO - UserID: 0 - Database tables created or verified - /home/memessingabout/Documents/dev/penny/utils/logging.py:20
2025-08-04 00:30:21,096 - DEBUG - UserID: 0 - No logged-in user found - /home/memessingabout/Documents/dev/penny/utils/logging.py:26
2025-08-04 00:30:21,097 - INFO - UserID: 0 - Switched to Login page - /home/memessingabout/Documents/dev/penny/utils/logging.py:20
2025-08-04 00:30:21,098 - INFO - UserID: 0 - No logged-in user found, showing Login page - /home/memessingabout/Documents/dev/penny/utils/logging.py:20
2025-08-04 00:30:26,976 - INFO - UserID: 0 - Switched to Signup page - /home/memessingabout/Documents/dev/penny/utils/logging.py:20
2025-08-04 00:30:40,739 - INFO - UserID: 0 - Database tables created or verified - /home/memessingabout/Documents/dev/penny/utils/logging.py:20
2025-08-04 00:30:40,740 - INFO - UserID: 0 - Database tables created or verified - /home/memessingabout/Documents/dev/penny/utils/logging.py:20
2025-08-04 00:30:40,825 - INFO - UserID: 0 - Database tables created or verified - /home/memessingabout/Documents/dev/penny/utils/logging.py:20
2025-08-04 00:30:40,829 - DEBUG - UserID: 0 - No logged-in user found - /home/memessingabout/Documents/dev/penny/utils/logging.py:26
2025-08-04 00:30:40,829 - INFO - UserID: 0 - Switched to Login page - /home/memessingabout/Documents/dev/penny/utils/logging.py:20
2025-08-04 00:30:40,829 - INFO - UserID: 0 - No logged-in user found, showing Login page - /home/memessingabout/Documents/dev/penny/utils/logging.py:20
2025-08-04 00:31:15,752 - INFO - UserID: 0 - Switched to Signup page - /home/memessingabout/Documents/dev/penny/utils/logging.py:20
2025-08-04 00:31:21,329 - INFO - UserID: 0 - Database connection closed - /home/memessingabout/Documents/dev/penny/utils/logging.py:20
2025-08-04 00:34:06,437 - INFO - UserID: 0 - Database tables created or verified - /home/memessingabout/Documents/dev/penny/utils/logging.py:20
2025-08-04 00:34:06,439 - INFO - UserID: 0 - Database tables created or verified - /home/memessingabout/Documents/dev/penny/utils/logging.py:20
2025-08-04 00:34:06,530 - INFO - UserID: 0 - Database tables created or verified - /home/memessingabout/Documents/dev/penny/utils/logging.py:20
2025-08-04 00:34:06,534 - DEBUG - UserID: 0 - No logged-in user found - /home/memessingabout/Documents/dev/penny/utils/logging.py:26
2025-08-04 00:34:06,534 - INFO - UserID: 0 - Switched to Login page - /home/memessingabout/Documents/dev/penny/utils/logging.py:20
2025-08-04 00:34:06,534 - INFO - UserID: 0 - No logged-in user found, showing Login page - /home/memessingabout/Documents/dev/penny/utils/logging.py:20
2025-08-04 00:34:15,507 - INFO - UserID: 0 - Switched to Signup page - /home/memessingabout/Documents/dev/penny/utils/logging.py:20
2025-08-04 00:34:19,131 - INFO - UserID: 0 - Switched to Login page - /home/memessingabout/Documents/dev/penny/utils/logging.py:20
2025-08-04 00:34:40,555 - INFO - UserID: 0 - Switched to Signup page - /home/memessingabout/Documents/dev/penny/utils/logging.py:20
2025-08-04 00:35:34,265 - INFO - UserID: 1 - User Emillio signed up successfully - /home/memessingabout/Documents/dev/penny/utils/logging.py:20
2025-08-04 00:35:35,357 - INFO - UserID: 1 - User Emillio signed up - /home/memessingabout/Documents/dev/penny/utils/logging.py:20
2025-08-04 00:35:35,357 - INFO - UserID: 0 - Switched to Login page - /home/memessingabout/Documents/dev/penny/utils/logging.py:20
2025-08-04 00:35:55,485 - INFO - UserID: 1 - User Emillio logged in - /home/memessingabout/Documents/dev/penny/utils/logging.py:20
2025-08-04 00:35:55,489 - INFO - UserID: 0 - Database tables created or verified - /home/memessingabout/Documents/dev/penny/utils/logging.py:20
2025-08-04 00:35:55,491 - DEBUG - UserID: 1 - Generated 133 months for dropdown - /home/memessingabout/Documents/dev/penny/utils/logging.py:26
2025-08-04 00:35:55,543 - DEBUG - UserID: 1 - Retrieved plans for August: 0 entries - /home/memessingabout/Documents/dev/penny/utils/logging.py:26
2025-08-04 00:35:55,544 - INFO - UserID: 1 - Updated Planning content for August: Balance KSh 0 - /home/memessingabout/Documents/dev/penny/utils/logging.py:20
2025-08-04 00:35:55,546 - INFO - UserID: 0 - Database tables created or verified - /home/memessingabout/Documents/dev/penny/utils/logging.py:20
2025-08-04 00:35:55,812 - DEBUG - UserID: 1 - Planning enabled: 1 - /home/memessingabout/Documents/dev/penny/utils/logging.py:26
2025-08-04 00:35:55,812 - DEBUG - UserID: 1 - Checked planning enabled: 1 - /home/memessingabout/Documents/dev/penny/utils/logging.py:26
2025-08-04 00:35:55,814 - DEBUG - UserID: 1 - Retrieved 0 transactions for filter All - /home/memessingabout/Documents/dev/penny/utils/logging.py:26
2025-08-04 00:35:55,815 - INFO - UserID: 1 - Updated Tracking: 0 transactions for All - /home/memessingabout/Documents/dev/penny/utils/logging.py:20
2025-08-04 00:35:55,816 - INFO - UserID: 0 - Database tables created or verified - /home/memessingabout/Documents/dev/penny/utils/logging.py:20
2025-08-04 00:35:56,124 - DEBUG - UserID: 1 - Planning enabled: 1 - /home/memessingabout/Documents/dev/penny/utils/logging.py:26
2025-08-04 00:35:56,125 - DEBUG - UserID: 1 - Checked planning enabled: 1 - /home/memessingabout/Documents/dev/penny/utils/logging.py:26
2025-08-04 00:35:56,125 - DEBUG - UserID: 1 - Retrieved 0 transactions for filter Month - /home/memessingabout/Documents/dev/penny/utils/logging.py:26
2025-08-04 00:35:56,209 - DEBUG - UserID: 1 - Retrieved trends for 6 months - /home/memessingabout/Documents/dev/penny/utils/logging.py:26
2025-08-04 00:35:56,423 - DEBUG - UserID: 1 - Retrieved 0 recent transactions - /home/memessingabout/Documents/dev/penny/utils/logging.py:26
2025-08-04 00:35:56,424 - INFO - UserID: 1 - Updated Dashboard: 0 recent transactions - /home/memessingabout/Documents/dev/penny/utils/logging.py:20
2025-08-04 00:35:56,425 - INFO - UserID: 0 - Database tables created or verified - /home/memessingabout/Documents/dev/penny/utils/logging.py:20
2025-08-04 00:35:56,429 - DEBUG - UserID: 1 - Planning enabled: 1 - /home/memessingabout/Documents/dev/penny/utils/logging.py:26
2025-08-04 00:35:56,430 - DEBUG - UserID: 1 - Checked planning enabled: 1 - /home/memessingabout/Documents/dev/penny/utils/logging.py:26
2025-08-04 00:35:56,431 - DEBUG - UserID: 1 - Retrieved profile: ('Emillio', 'emillio@penny.com', None) - /home/memessingabout/Documents/dev/penny/utils/logging.py:26
2025-08-04 00:35:56,432 - DEBUG - UserID: 1 - Retrieved settings: ('KSh', 'Unallocated as Savings', 1, 'Light', 1, 'English') - /home/memessingabout/Documents/dev/penny/utils/logging.py:26
2025-08-04 00:35:56,433 - INFO - UserID: 1 - Loaded settings and profile - /home/memessingabout/Documents/dev/penny/utils/logging.py:20
2025-08-04 00:35:56,433 - INFO - UserID: 1 - Switched to Dashboard page - /home/memessingabout/Documents/dev/penny/utils/logging.py:20
2025-08-04 00:35:56,433 - INFO - UserID: 1 - User logged in and switched to Dashboard - /home/memessingabout/Documents/dev/penny/utils/logging.py:20
2025-08-04 00:45:19,723 - DEBUG - UserID: 1 - Planning enabled: 1 - /home/memessingabout/Documents/dev/penny/utils/logging.py:26
2025-08-04 00:45:19,725 - INFO - UserID: 1 - Switched to Planning page - /home/memessingabout/Documents/dev/penny/utils/logging.py:20
2025-08-04 00:52:54,423 - INFO - UserID: 0 - Database connection closed - /home/memessingabout/Documents/dev/penny/utils/logging.py:20
2025-08-04 01:00:09,344 - INFO - UserID: 0 - Database tables created or verified - /home/memessingabout/Documents/dev/penny/utils/logging.py:20
2025-08-04 01:00:09,362 - INFO - UserID: 0 - Database tables created or verified - /home/memessingabout/Documents/dev/penny/utils/logging.py:20
2025-08-04 01:00:09,463 - INFO - UserID: 0 - Database tables created or verified - /home/memessingabout/Documents/dev/penny/utils/logging.py:20
2025-08-04 01:00:09,467 - DEBUG - UserID: 1 - Retrieved logged-in user - /home/memessingabout/Documents/dev/penny/utils/logging.py:26
2025-08-04 01:00:09,470 - INFO - UserID: 0 - Database tables created or verified - /home/memessingabout/Documents/dev/penny/utils/logging.py:20
2025-08-04 01:00:09,472 - DEBUG - UserID: 1 - Generated 133 months for dropdown - /home/memessingabout/Documents/dev/penny/utils/logging.py:26
2025-08-04 01:00:09,528 - DEBUG - UserID: 1 - Retrieved plans for August: 0 entries - /home/memessingabout/Documents/dev/penny/utils/logging.py:26
2025-08-04 01:00:09,530 - INFO - UserID: 1 - Updated Planning content for August: Balance KSh 0 - /home/memessingabout/Documents/dev/penny/utils/logging.py:20
2025-08-04 01:00:09,533 - INFO - UserID: 0 - Database tables created or verified - /home/memessingabout/Documents/dev/penny/utils/logging.py:20
2025-08-04 01:00:09,896 - DEBUG - UserID: 1 - Planning enabled: 1 - /home/memessingabout/Documents/dev/penny/utils/logging.py:26
2025-08-04 01:00:09,897 - DEBUG - UserID: 1 - Checked planning enabled: 1 - /home/memessingabout/Documents/dev/penny/utils/logging.py:26
2025-08-04 01:00:09,914 - DEBUG - UserID: 1 - Retrieved 0 transactions for filter All - /home/memessingabout/Documents/dev/penny/utils/logging.py:26
2025-08-04 01:00:09,915 - INFO - UserID: 1 - Updated Tracking: 0 transactions for All - /home/memessingabout/Documents/dev/penny/utils/logging.py:20
2025-08-04 01:00:09,917 - INFO - UserID: 0 - Database tables created or verified - /home/memessingabout/Documents/dev/penny/utils/logging.py:20
2025-08-04 01:00:10,249 - DEBUG - UserID: 1 - Planning enabled: 1 - /home/memessingabout/Documents/dev/penny/utils/logging.py:26
2025-08-04 01:00:10,250 - DEBUG - UserID: 1 - Checked planning enabled: 1 - /home/memessingabout/Documents/dev/penny/utils/logging.py:26
2025-08-04 01:00:10,256 - DEBUG - UserID: 1 - Retrieved 0 transactions for filter Month - /home/memessingabout/Documents/dev/penny/utils/logging.py:26
2025-08-04 01:00:10,354 - DEBUG - UserID: 1 - Retrieved trends for 6 months - /home/memessingabout/Documents/dev/penny/utils/logging.py:26
2025-08-04 01:00:10,575 - DEBUG - UserID: 1 - Retrieved 0 recent transactions - /home/memessingabout/Documents/dev/penny/utils/logging.py:26
2025-08-04 01:00:10,575 - INFO - UserID: 1 - Updated Dashboard: 0 recent transactions - /home/memessingabout/Documents/dev/penny/utils/logging.py:20
2025-08-04 01:00:10,576 - INFO - UserID: 0 - Database tables created or verified - /home/memessingabout/Documents/dev/penny/utils/logging.py:20
2025-08-04 01:00:10,581 - DEBUG - UserID: 1 - Planning enabled: 1 - /home/memessingabout/Documents/dev/penny/utils/logging.py:26
2025-08-04 01:00:10,581 - DEBUG - UserID: 1 - Checked planning enabled: 1 - /home/memessingabout/Documents/dev/penny/utils/logging.py:26
2025-08-04 01:00:10,582 - DEBUG - UserID: 1 - Retrieved profile: ('Emillio', 'emillio@penny.com', None) - /home/memessingabout/Documents/dev/penny/utils/logging.py:26
2025-08-04 01:00:10,583 - DEBUG - UserID: 1 - Retrieved settings: ('KSh', 'Unallocated as Savings', 1, 'Light', 1, 'English') - /home/memessingabout/Documents/dev/penny/utils/logging.py:26
2025-08-04 01:00:10,583 - INFO - UserID: 1 - Loaded settings and profile - /home/memessingabout/Documents/dev/penny/utils/logging.py:20
2025-08-04 01:00:10,584 - INFO - UserID: 1 - Switched to Dashboard page - /home/memessingabout/Documents/dev/penny/utils/logging.py:20
2025-08-04 01:00:10,584 - INFO - UserID: 1 - User logged in and switched to Dashboard - /home/memessingabout/Documents/dev/penny/utils/logging.py:20
2025-08-04 01:00:12,241 - DEBUG - UserID: 1 - Planning enabled: 1 - /home/memessingabout/Documents/dev/penny/utils/logging.py:26
2025-08-04 01:00:12,242 - INFO - UserID: 1 - Switched to Planning page - /home/memessingabout/Documents/dev/penny/utils/logging.py:20
2025-08-04 01:00:14,217 - INFO - UserID: 1 - Switched to Tracking page - /home/memessingabout/Documents/dev/penny/utils/logging.py:20
2025-08-04 01:03:25,656 - DEBUG - UserID: 1 - Planning enabled: 1 - /home/memessingabout/Documents/dev/penny/utils/logging.py:26
2025-08-04 01:03:25,657 - INFO - UserID: 1 - Switched to Planning page - /home/memessingabout/Documents/dev/penny/utils/logging.py:20
2025-08-04 01:03:26,570 - DEBUG - UserID: 1 - Generated 133 months for dropdown - /home/memessingabout/Documents/dev/penny/utils/logging.py:26
2025-08-04 01:03:26,586 - DEBUG - UserID: 1 - Retrieved categories for type : [] - /home/memessingabout/Documents/dev/penny/utils/logging.py:26
2025-08-04 01:17:39,612 - DEBUG - UserID: 1 - Generated 133 months for dropdown - /home/memessingabout/Documents/dev/penny/utils/logging.py:26
2025-08-04 01:17:39,615 - DEBUG - UserID: 1 - Retrieved categories for type : [] - /home/memessingabout/Documents/dev/penny/utils/logging.py:26
2025-08-04 01:17:54,101 - INFO - UserID: 0 - Database connection closed - /home/memessingabout/Documents/dev/penny/utils/logging.py:20
